<?xml version="1.0" encoding="UTF-8"?>
<!-- Generated by org.testng.reporters.JUnitReportReporter -->
<testsuite hostname="tvisha" failures="0" tests="1" name="TestScripts.DailyBookingTest" time="42.299" errors="0" timestamp="2024-03-19T12:29:55 IST" skipped="0">
  <testcase classname="TestScripts.DailyBookingTest" name="bookingHostelroom" time="42.299"/>
  <system-out/>
</testsuite> <!-- TestScripts.DailyBookingTest -->
