<?xml version="1.0" encoding="UTF-8"?>
<!-- Generated by org.testng.reporters.JUnitReportReporter -->
<testsuite hostname="tvisha" failures="0" tests="3" name="TestScripts.LoginpageTest" time="0.000" errors="0" timestamp="2024-04-04T12:14:31 IST" skipped="3">
  <testcase classname="TestScripts.LoginpageTest" name="lognwithmultipleData" time="0.000">
    <skipped/>
  </testcase> <!-- lognwithmultipleData -->
  <system-out/>
  <testcase classname="TestScripts.LoginpageTest" name="VerifuFunctionalityAudioDigestLoginwithInValidaData">
    <skipped/>
  </testcase> <!-- VerifuFunctionalityAudioDigestLoginwithInValidaData -->
  <system-out/>
  <testcase classname="TestScripts.LoginpageTest" name="VerifuFunctionalityJoeyRoomsLoginwithValidaData">
    <skipped/>
  </testcase> <!-- VerifuFunctionalityJoeyRoomsLoginwithValidaData -->
  <system-out/>
</testsuite> <!-- TestScripts.LoginpageTest -->
